<?xml version="1.0" encoding="UTF-8"?>
<testng-results skipped="0" failed="1" total="5" passed="4">
  <reporter-output>
  </reporter-output>
  <suite name="Suite" duration-ms="36695" started-at="2021-09-12T07:55:48Z" finished-at="2021-09-12T07:56:25Z">
    <groups>
    </groups>
    <test name="HomePage_Test" duration-ms="15371" started-at="2021-09-12T07:55:48Z" finished-at="2021-09-12T07:56:04Z">
      <class name="FinalProject.End2EndProject.HomePage">
        <test-method status="PASS" signature="initializeDriver()[pri:0, instance:FinalProject.End2EndProject.HomePage@79e4c792]" name="initializeDriver" is-config="true" duration-ms="3925" started-at="2021-09-12T03:55:48Z" finished-at="2021-09-12T03:55:52Z">
          <reporter-output>
          </reporter-output>
        </test-method> <!-- initializeDriver -->
        <test-method status="PASS" signature="basepageNavigation(java.lang.String, java.lang.String, java.lang.String)[pri:0, instance:FinalProject.End2EndProject.HomePage@79e4c792]" name="basepageNavigation" duration-ms="7471" started-at="2021-09-12T03:55:52Z" data-provider="getData" finished-at="2021-09-12T03:56:00Z">
          <params>
            <param index="0">
              <value>
                <![CDATA[nonrestricteduser@gmail.com]]>
              </value>
            </param>
            <param index="1">
              <value>
                <![CDATA[1234560]]>
              </value>
            </param>
            <param index="2">
              <value>
                <![CDATA[Non Restricted user]]>
              </value>
            </param>
          </params>
          <reporter-output>
          </reporter-output>
        </test-method> <!-- basepageNavigation -->
        <test-method status="PASS" signature="basepageNavigation(java.lang.String, java.lang.String, java.lang.String)[pri:0, instance:FinalProject.End2EndProject.HomePage@79e4c792]" name="basepageNavigation" duration-ms="3815" started-at="2021-09-12T03:56:00Z" data-provider="getData" finished-at="2021-09-12T03:56:04Z">
          <params>
            <param index="0">
              <value>
                <![CDATA[restricteduser@gmail.com]]>
              </value>
            </param>
            <param index="1">
              <value>
                <![CDATA[1234560]]>
              </value>
            </param>
            <param index="2">
              <value>
                <![CDATA[Restricted user]]>
              </value>
            </param>
          </params>
          <reporter-output>
          </reporter-output>
        </test-method> <!-- basepageNavigation -->
        <test-method status="PASS" signature="CloseDriver()[pri:0, instance:FinalProject.End2EndProject.HomePage@79e4c792]" name="CloseDriver" is-config="true" duration-ms="112" started-at="2021-09-12T03:56:04Z" finished-at="2021-09-12T03:56:04Z">
          <reporter-output>
          </reporter-output>
        </test-method> <!-- CloseDriver -->
      </class> <!-- FinalProject.End2EndProject.HomePage -->
    </test> <!-- HomePage_Test -->
    <test name="App_Test" duration-ms="0" started-at="2021-09-12T07:56:05Z" finished-at="2021-09-12T07:56:05Z">
    </test> <!-- App_Test -->
    <test name="ValidateTitle_Test" duration-ms="7483" started-at="2021-09-12T07:56:05Z" finished-at="2021-09-12T07:56:12Z">
      <class name="FinalProject.End2EndProject.ValidateTitle">
        <test-method status="PASS" signature="initializeDriver()[pri:0, instance:FinalProject.End2EndProject.ValidateTitle@7188af83]" name="initializeDriver" is-config="true" duration-ms="6592" started-at="2021-09-12T03:56:05Z" finished-at="2021-09-12T03:56:11Z">
          <reporter-output>
          </reporter-output>
        </test-method> <!-- initializeDriver -->
        <test-method status="FAIL" signature="TitleValidation()[pri:0, instance:FinalProject.End2EndProject.ValidateTitle@7188af83]" name="TitleValidation" duration-ms="73" started-at="2021-09-12T03:56:11Z" finished-at="2021-09-12T03:56:11Z">
          <exception class="java.lang.AssertionError">
            <message>
              <![CDATA[expected [FEATURED COURSES11] but found [FEATURED COURSES]]]>
            </message>
            <full-stacktrace>
              <![CDATA[java.lang.AssertionError: expected [FEATURED COURSES11] but found [FEATURED COURSES]
	at org.testng.Assert.fail(Assert.java:89)
	at org.testng.Assert.failNotEquals(Assert.java:489)
	at org.testng.Assert.assertEquals(Assert.java:118)
	at org.testng.Assert.assertEquals(Assert.java:171)
	at org.testng.Assert.assertEquals(Assert.java:181)
	at FinalProject.End2EndProject.ValidateTitle.TitleValidation(ValidateTitle.java:28)
	at sun.reflect.NativeMethodAccessorImpl.invoke0(Native Method)
	at sun.reflect.NativeMethodAccessorImpl.invoke(NativeMethodAccessorImpl.java:62)
	at sun.reflect.DelegatingMethodAccessorImpl.invoke(DelegatingMethodAccessorImpl.java:43)
	at java.lang.reflect.Method.invoke(Method.java:498)
	at org.testng.internal.MethodInvocationHelper.invokeMethod(MethodInvocationHelper.java:80)
	at org.testng.internal.Invoker.invokeMethod(Invoker.java:715)
	at org.testng.internal.Invoker.invokeTestMethod(Invoker.java:907)
	at org.testng.internal.Invoker.invokeTestMethods(Invoker.java:1237)
	at org.testng.internal.TestMethodWorker.invokeTestMethods(TestMethodWorker.java:127)
	at org.testng.internal.TestMethodWorker.run(TestMethodWorker.java:111)
	at org.testng.TestRunner.privateRun(TestRunner.java:767)
	at org.testng.TestRunner.run(TestRunner.java:617)
	at org.testng.SuiteRunner.runTest(SuiteRunner.java:334)
	at org.testng.SuiteRunner.runSequentially(SuiteRunner.java:329)
	at org.testng.SuiteRunner.privateRun(SuiteRunner.java:291)
	at org.testng.SuiteRunner.run(SuiteRunner.java:240)
	at org.testng.SuiteRunnerWorker.runSuite(SuiteRunnerWorker.java:51)
	at org.testng.SuiteRunnerWorker.run(SuiteRunnerWorker.java:85)
	at org.testng.TestNG.runSuitesSequentially(TestNG.java:1197)
	at org.testng.TestNG.runSuitesLocally(TestNG.java:1122)
	at org.testng.TestNG.run(TestNG.java:1030)
	at org.apache.maven.surefire.testng.TestNGExecutor.run(TestNGExecutor.java:284)
	at org.apache.maven.surefire.testng.TestNGXmlTestSuite.execute(TestNGXmlTestSuite.java:75)
	at org.apache.maven.surefire.testng.TestNGProvider.invoke(TestNGProvider.java:119)
	at org.apache.maven.surefire.booter.ForkedBooter.runSuitesInProcess(ForkedBooter.java:428)
	at org.apache.maven.surefire.booter.ForkedBooter.execute(ForkedBooter.java:162)
	at org.apache.maven.surefire.booter.ForkedBooter.run(ForkedBooter.java:562)
	at org.apache.maven.surefire.booter.ForkedBooter.main(ForkedBooter.java:548)
]]>
            </full-stacktrace>
          </exception> <!-- java.lang.AssertionError -->
          <reporter-output>
          </reporter-output>
        </test-method> <!-- TitleValidation -->
        <test-method status="PASS" signature="CloseDriver()[pri:0, instance:FinalProject.End2EndProject.ValidateTitle@7188af83]" name="CloseDriver" is-config="true" duration-ms="120" started-at="2021-09-12T03:56:12Z" finished-at="2021-09-12T03:56:12Z">
          <reporter-output>
          </reporter-output>
        </test-method> <!-- CloseDriver -->
      </class> <!-- FinalProject.End2EndProject.ValidateTitle -->
    </test> <!-- ValidateTitle_Test -->
    <test name="Validate_URLTest" duration-ms="5594" started-at="2021-09-12T07:56:12Z" finished-at="2021-09-12T07:56:18Z">
      <class name="FinalProject.End2EndProject.ValidateMovingURL">
        <test-method status="PASS" signature="initializeDriver()[pri:0, instance:FinalProject.End2EndProject.ValidateMovingURL@4a003cbe]" name="initializeDriver" is-config="true" duration-ms="5491" started-at="2021-09-12T03:56:12Z" finished-at="2021-09-12T03:56:18Z">
          <reporter-output>
          </reporter-output>
        </test-method> <!-- initializeDriver -->
        <test-method status="PASS" signature="ValidateURLContent()[pri:0, instance:FinalProject.End2EndProject.ValidateMovingURL@4a003cbe]" name="ValidateURLContent" duration-ms="37" started-at="2021-09-12T03:56:18Z" finished-at="2021-09-12T03:56:18Z">
          <reporter-output>
          </reporter-output>
        </test-method> <!-- ValidateURLContent -->
        <test-method status="PASS" signature="CloseDriver()[pri:0, instance:FinalProject.End2EndProject.ValidateMovingURL@4a003cbe]" name="CloseDriver" is-config="true" duration-ms="66" started-at="2021-09-12T03:56:18Z" finished-at="2021-09-12T03:56:18Z">
          <reporter-output>
          </reporter-output>
        </test-method> <!-- CloseDriver -->
      </class> <!-- FinalProject.End2EndProject.ValidateMovingURL -->
    </test> <!-- Validate_URLTest -->
    <test name="ValidateNavigationBar_Test" duration-ms="7140" started-at="2021-09-12T07:56:18Z" finished-at="2021-09-12T07:56:25Z">
      <class name="FinalProject.End2EndProject.ValidateNavigationBar">
        <test-method status="PASS" signature="initializeDriver()[pri:0, instance:FinalProject.End2EndProject.ValidateNavigationBar@6d60fe40]" name="initializeDriver" is-config="true" duration-ms="6944" started-at="2021-09-12T03:56:18Z" finished-at="2021-09-12T03:56:25Z">
          <reporter-output>
          </reporter-output>
        </test-method> <!-- initializeDriver -->
        <test-method status="PASS" signature="NavigationBarValidation()[pri:0, instance:FinalProject.End2EndProject.ValidateNavigationBar@6d60fe40]" name="NavigationBarValidation" duration-ms="91" started-at="2021-09-12T03:56:25Z" finished-at="2021-09-12T03:56:25Z">
          <reporter-output>
          </reporter-output>
        </test-method> <!-- NavigationBarValidation -->
        <test-method status="PASS" signature="CloseDriver()[pri:0, instance:FinalProject.End2EndProject.ValidateNavigationBar@6d60fe40]" name="CloseDriver" is-config="true" duration-ms="104" started-at="2021-09-12T03:56:25Z" finished-at="2021-09-12T03:56:25Z">
          <reporter-output>
          </reporter-output>
        </test-method> <!-- CloseDriver -->
      </class> <!-- FinalProject.End2EndProject.ValidateNavigationBar -->
    </test> <!-- ValidateNavigationBar_Test -->
  </suite> <!-- Suite -->
</testng-results>
