-------------------------------------------------------------------------------
Test set: TestSuite
-------------------------------------------------------------------------------
Tests run: 5, Failures: 1, Errors: 0, Skipped: 0, Time elapsed: 35.418 s <<< FAILURE! - in TestSuite
FinalProject.End2EndProject.ValidateTitle.TitleValidation  Time elapsed: 0.03 s  <<< FAILURE!
java.lang.AssertionError: expected [FEATURED COURSES11] but found [FEATURED COURSES]
	at FinalProject.End2EndProject.ValidateTitle.TitleValidation(ValidateTitle.java:28)

