<?xml version="1.0" encoding="UTF-8"?>
<testng-results skipped="0" failed="0" total="2" passed="2">
  <reporter-output>
  </reporter-output>
  <suite name="Default suite" duration-ms="16481" started-at="2021-09-12T04:17:44Z" finished-at="2021-09-12T04:18:01Z">
    <groups>
    </groups>
    <test name="Default test" duration-ms="16481" started-at="2021-09-12T04:17:44Z" finished-at="2021-09-12T04:18:01Z">
      <class name="FinalProject.End2EndProject.HomePage">
        <test-method status="PASS" signature="initializeDriver()[pri:0, instance:FinalProject.End2EndProject.HomePage@14dd9eb7]" name="initializeDriver" is-config="true" duration-ms="4961" started-at="2021-09-12T00:17:44Z" finished-at="2021-09-12T00:17:49Z">
          <reporter-output>
          </reporter-output>
        </test-method> <!-- initializeDriver -->
        <test-method status="PASS" signature="basepageNavigation(java.lang.String, java.lang.String, java.lang.String)[pri:0, instance:FinalProject.End2EndProject.HomePage@14dd9eb7]" name="basepageNavigation" duration-ms="7505" started-at="2021-09-12T00:17:49Z" data-provider="getData" finished-at="2021-09-12T00:17:57Z">
          <params>
            <param index="0">
              <value>
                <![CDATA[nonrestricteduser@gmail.com]]>
              </value>
            </param>
            <param index="1">
              <value>
                <![CDATA[1234560]]>
              </value>
            </param>
            <param index="2">
              <value>
                <![CDATA[Non Restriced user]]>
              </value>
            </param>
          </params>
          <reporter-output>
          </reporter-output>
        </test-method> <!-- basepageNavigation -->
        <test-method status="PASS" signature="basepageNavigation(java.lang.String, java.lang.String, java.lang.String)[pri:0, instance:FinalProject.End2EndProject.HomePage@14dd9eb7]" name="basepageNavigation" duration-ms="3882" started-at="2021-09-12T00:17:57Z" data-provider="getData" finished-at="2021-09-12T00:18:01Z">
          <params>
            <param index="0">
              <value>
                <![CDATA[restricteduser@gmail.com]]>
              </value>
            </param>
            <param index="1">
              <value>
                <![CDATA[1234560]]>
              </value>
            </param>
            <param index="2">
              <value>
                <![CDATA[Restriced user]]>
              </value>
            </param>
          </params>
          <reporter-output>
          </reporter-output>
        </test-method> <!-- basepageNavigation -->
        <test-method status="PASS" signature="CloseDriver()[pri:0, instance:FinalProject.End2EndProject.HomePage@14dd9eb7]" name="CloseDriver" is-config="true" duration-ms="109" started-at="2021-09-12T00:18:01Z" finished-at="2021-09-12T00:18:01Z">
          <reporter-output>
          </reporter-output>
        </test-method> <!-- CloseDriver -->
      </class> <!-- FinalProject.End2EndProject.HomePage -->
    </test> <!-- Default test -->
  </suite> <!-- Default suite -->
</testng-results>
